wandb: Currently logged in as: xinyu-zhang. Use `wandb login --relogin` to force relogin
wandb: wandb version 0.15.8 is available!  To upgrade, please run:
wandb:  $ pip install wandb --upgrade
wandb: Tracking run with wandb version 0.15.5
wandb: Run data is saved locally in /scratch/work/zhangx18/Reproduced-LA-NAM/wandb/run-20230815_165600-mzdpl9uq
wandb: Run `wandb offline` to turn off syncing.
wandb: Syncing run earthy-breeze-116
wandb: ⭐️ View project at https://wandb.ai/xinyu-zhang/LANAM-grid-basic-synthetic
wandb: 🚀 View run at https://wandb.ai/xinyu-zhang/LANAM-grid-basic-synthetic/runs/mzdpl9uq
wandb: \ 1 of 3 files downloaded...wandb:   3 of 3 files downloaded.  
wandb: Waiting for W&B process to finish... (success).
wandb: - 0.005 MB of 0.005 MB uploaded (0.000 MB deduped)wandb: \ 0.005 MB of 0.005 MB uploaded (0.000 MB deduped)wandb: | 0.005 MB of 0.005 MB uploaded (0.000 MB deduped)wandb: / 0.005 MB of 0.005 MB uploaded (0.000 MB deduped)wandb: 🚀 View run earthy-breeze-116 at: https://wandb.ai/xinyu-zhang/LANAM-grid-basic-synthetic/runs/mzdpl9uq
wandb: Synced 6 W&B file(s), 0 media file(s), 0 artifact file(s) and 0 other file(s)
wandb: Find logs at: ./wandb/run-20230815_165600-mzdpl9uq/logs
wandb: Agent Starting Run: sjvjeuuh with config:
wandb: 	activation_cls: relu
wandb: 	hidden_sizes: 64
wandb: 	lr: 0.1
wandb: wandb version 0.15.8 is available!  To upgrade, please run:
wandb:  $ pip install wandb --upgrade
wandb: Tracking run with wandb version 0.15.5
wandb: Run data is saved locally in /scratch/work/zhangx18/Reproduced-LA-NAM/wandb/run-20230815_165643-sjvjeuuh
wandb: Run `wandb offline` to turn off syncing.
wandb: Syncing run usual-sweep-1
wandb: ⭐️ View project at https://wandb.ai/xinyu-zhang/LANAM-grid-basic-synthetic-3.0
wandb: 🧹 View sweep at https://wandb.ai/xinyu-zhang/LANAM-grid-basic-synthetic-3.0/sweeps/1vu0rcp3
wandb: 🚀 View run at https://wandb.ai/xinyu-zhang/LANAM-grid-basic-synthetic-3.0/runs/sjvjeuuh
